<?xml version="1.0" encoding="UTF-8"?>
<!-- Generated by org.testng.reporters.JUnitReportReporter -->
<testsuite skipped="0" hostname="Manishsaini" name="com.RB.testcases.HomePageTest" tests="1" failures="0" timestamp="31 Jul 2019 13:39:22 GMT" time="11.822" errors="0">
  <testcase name="signInTest" time="11.822" classname="com.RB.testcases.HomePageTest"/>
</testsuite> <!-- com.RB.testcases.HomePageTest -->
