<?xml version="1.0" encoding="UTF-8"?>
<!-- Generated by org.testng.reporters.JUnitReportReporter -->
<testsuite skipped="0" hostname="Manishsaini" name="com.RB.testcases.SearchBusTest" tests="1" failures="0" timestamp="17 Jun 2019 13:10:02 GMT" time="14.940" errors="0">
  <testcase name="searchTest" time="14.940" classname="com.RB.testcases.SearchBusTest"/>
</testsuite> <!-- com.RB.testcases.SearchBusTest -->
